0 verbose cli /opt/homebrew/Cellar/node@22/22.12.0/bin/node /opt/homebrew/opt/node@22/bin/npm
1 info using npm@10.9.0
2 info using node@v22.12.0
3 silly config load:file:/opt/homebrew/Cellar/node@22/22.12.0/lib/node_modules/npm/npmrc
4 silly config load:file:/Users/sashankdanda/Desktop/SEM-4/FSD/Practical-1/.npmrc
5 silly config load:file:/Users/sashankdanda/.npmrc
6 silly config load:file:/opt/homebrew/etc/npmrc
7 verbose title npm install
8 verbose argv "install"
9 verbose logfile logs-max:10 dir:/Users/sashankdanda/.npm/_logs/2025-05-10T08_09_05_045Z-
10 verbose logfile /Users/sashankdanda/.npm/_logs/2025-05-10T08_09_05_045Z-debug-0.log
11 silly logfile start cleaning logs, removing 1 files
12 silly packumentCache heap:2197815296 maxSize:549453824 maxEntrySize:274726912
13 silly logfile done cleaning log files
14 silly idealTree buildDeps
15 silly reify moves {}
16 verbose stack Error: Could not read package.json: Error: ENOENT: no such file or directory, open '/Users/sashankdanda/Desktop/SEM-4/FSD/Practical-1/package.json'
16 verbose stack     at async open (node:internal/fs/promises:638:25)
16 verbose stack     at async readFile (node:internal/fs/promises:1238:14)
16 verbose stack     at async read (/opt/homebrew/Cellar/node@22/22.12.0/lib/node_modules/npm/node_modules/@npmcli/package-json/lib/read-package.js:9:18)
16 verbose stack     at async PackageJson.load (/opt/homebrew/Cellar/node@22/22.12.0/lib/node_modules/npm/node_modules/@npmcli/package-json/lib/index.js:130:31)
16 verbose stack     at async PackageJson.normalize (/opt/homebrew/Cellar/node@22/22.12.0/lib/node_modules/npm/node_modules/@npmcli/package-json/lib/index.js:116:5)
16 verbose stack     at async runScript (/opt/homebrew/Cellar/node@22/22.12.0/lib/node_modules/npm/node_modules/@npmcli/run-script/lib/run-script.js:11:28)
16 verbose stack     at async Install.exec (/opt/homebrew/Cellar/node@22/22.12.0/lib/node_modules/npm/lib/commands/install.js:163:9)
16 verbose stack     at async Npm.exec (/opt/homebrew/Cellar/node@22/22.12.0/lib/node_modules/npm/lib/npm.js:207:9)
16 verbose stack     at async module.exports (/opt/homebrew/Cellar/node@22/22.12.0/lib/node_modules/npm/lib/cli/entry.js:74:5)
17 error code ENOENT
18 error syscall open
19 error path /Users/sashankdanda/Desktop/SEM-4/FSD/Practical-1/package.json
20 error errno -2
21 error enoent Could not read package.json: Error: ENOENT: no such file or directory, open '/Users/sashankdanda/Desktop/SEM-4/FSD/Practical-1/package.json'
22 error enoent This is related to npm not being able to find a file.
22 error enoent
23 verbose cwd /Users/sashankdanda/Desktop/SEM-4/FSD/Practical-1
24 verbose os Darwin 24.4.0
25 verbose node v22.12.0
26 verbose npm  v10.9.0
27 verbose exit -2
28 verbose code -2
29 error A complete log of this run can be found in: /Users/sashankdanda/.npm/_logs/2025-05-10T08_09_05_045Z-debug-0.log
