0 verbose cli /opt/homebrew/Cellar/node@22/22.12.0/bin/node /opt/homebrew/opt/node@22/bin/npm
1 info using npm@10.9.0
2 info using node@v22.12.0
3 silly config load:file:/opt/homebrew/Cellar/node@22/22.12.0/lib/node_modules/npm/npmrc
4 silly config load:file:/Users/sashankdanda/Desktop/SEM-4/FSD/Practical-1/1A/.npmrc
5 silly config load:file:/Users/sashankdanda/.npmrc
6 silly config load:file:/opt/homebrew/etc/npmrc
7 verbose title npm install
8 verbose argv "install"
9 verbose logfile logs-max:10 dir:/Users/sashankdanda/.npm/_logs/2025-05-10T08_09_34_336Z-
10 verbose logfile /Users/sashankdanda/.npm/_logs/2025-05-10T08_09_34_336Z-debug-0.log
11 silly logfile start cleaning logs, removing 1 files
12 silly packumentCache heap:2197815296 maxSize:549453824 maxEntrySize:274726912
13 silly logfile done cleaning log files
14 silly idealTree buildDeps
15 silly reify moves {}
16 silly audit bulk request {
16 silly audit   '@ampproject/remapping': [ '2.3.0' ],
16 silly audit   '@babel/code-frame': [ '7.26.2' ],
16 silly audit   '@babel/compat-data': [ '7.26.3' ],
16 silly audit   '@babel/core': [ '7.26.0' ],
16 silly audit   '@babel/generator': [ '7.26.3' ],
16 silly audit   '@babel/helper-compilation-targets': [ '7.25.9' ],
16 silly audit   '@babel/helper-module-imports': [ '7.25.9' ],
16 silly audit   '@babel/helper-module-transforms': [ '7.26.0' ],
16 silly audit   '@babel/helper-plugin-utils': [ '7.25.9' ],
16 silly audit   '@babel/helper-string-parser': [ '7.25.9' ],
16 silly audit   '@babel/helper-validator-identifier': [ '7.25.9' ],
16 silly audit   '@babel/helper-validator-option': [ '7.25.9' ],
16 silly audit   '@babel/helpers': [ '7.26.0' ],
16 silly audit   '@babel/parser': [ '7.26.3' ],
16 silly audit   '@babel/plugin-transform-react-jsx-self': [ '7.25.9' ],
16 silly audit   '@babel/plugin-transform-react-jsx-source': [ '7.25.9' ],
16 silly audit   '@babel/template': [ '7.25.9' ],
16 silly audit   '@babel/traverse': [ '7.26.4' ],
16 silly audit   globals: [ '11.12.0', '14.0.0', '15.14.0' ],
16 silly audit   '@babel/types': [ '7.26.3' ],
16 silly audit   '@esbuild/aix-ppc64': [ '0.24.2' ],
16 silly audit   '@esbuild/android-arm': [ '0.24.2' ],
16 silly audit   '@esbuild/android-arm64': [ '0.24.2' ],
16 silly audit   '@esbuild/android-x64': [ '0.24.2' ],
16 silly audit   '@esbuild/darwin-arm64': [ '0.24.2' ],
16 silly audit   '@esbuild/darwin-x64': [ '0.24.2' ],
16 silly audit   '@esbuild/freebsd-arm64': [ '0.24.2' ],
16 silly audit   '@esbuild/freebsd-x64': [ '0.24.2' ],
16 silly audit   '@esbuild/linux-arm': [ '0.24.2' ],
16 silly audit   '@esbuild/linux-arm64': [ '0.24.2' ],
16 silly audit   '@esbuild/linux-ia32': [ '0.24.2' ],
16 silly audit   '@esbuild/linux-loong64': [ '0.24.2' ],
16 silly audit   '@esbuild/linux-mips64el': [ '0.24.2' ],
16 silly audit   '@esbuild/linux-ppc64': [ '0.24.2' ],
16 silly audit   '@esbuild/linux-riscv64': [ '0.24.2' ],
16 silly audit   '@esbuild/linux-s390x': [ '0.24.2' ],
16 silly audit   '@esbuild/linux-x64': [ '0.24.2' ],
16 silly audit   '@esbuild/netbsd-arm64': [ '0.24.2' ],
16 silly audit   '@esbuild/netbsd-x64': [ '0.24.2' ],
16 silly audit   '@esbuild/openbsd-arm64': [ '0.24.2' ],
16 silly audit   '@esbuild/openbsd-x64': [ '0.24.2' ],
16 silly audit   '@esbuild/sunos-x64': [ '0.24.2' ],
16 silly audit   '@esbuild/win32-arm64': [ '0.24.2' ],
16 silly audit   '@esbuild/win32-ia32': [ '0.24.2' ],
16 silly audit   '@esbuild/win32-x64': [ '0.24.2' ],
16 silly audit   '@eslint-community/eslint-utils': [ '4.4.1' ],
16 silly audit   'eslint-visitor-keys': [ '3.4.3', '4.2.0' ],
16 silly audit   '@eslint-community/regexpp': [ '4.12.1' ],
16 silly audit   '@eslint/config-array': [ '0.19.1' ],
16 silly audit   '@eslint/core': [ '0.9.1' ],
16 silly audit   '@eslint/eslintrc': [ '3.2.0' ],
16 silly audit   '@eslint/js': [ '9.17.0' ],
16 silly audit   '@eslint/object-schema': [ '2.1.5' ],
16 silly audit   '@eslint/plugin-kit': [ '0.2.4' ],
16 silly audit   '@humanfs/core': [ '0.19.1' ],
16 silly audit   '@humanfs/node': [ '0.16.6' ],
16 silly audit   '@humanwhocodes/retry': [ '0.3.1', '0.4.1' ],
16 silly audit   '@humanwhocodes/module-importer': [ '1.0.1' ],
16 silly audit   '@jridgewell/gen-mapping': [ '0.3.8' ],
16 silly audit   '@jridgewell/resolve-uri': [ '3.1.2' ],
16 silly audit   '@jridgewell/set-array': [ '1.2.1' ],
16 silly audit   '@jridgewell/sourcemap-codec': [ '1.5.0' ],
16 silly audit   '@jridgewell/trace-mapping': [ '0.3.25' ],
16 silly audit   '@rollup/rollup-android-arm-eabi': [ '4.29.1' ],
16 silly audit   '@rollup/rollup-android-arm64': [ '4.29.1' ],
16 silly audit   '@rollup/rollup-darwin-arm64': [ '4.29.1' ],
16 silly audit   '@rollup/rollup-darwin-x64': [ '4.29.1' ],
16 silly audit   '@rollup/rollup-freebsd-arm64': [ '4.29.1' ],
16 silly audit   '@rollup/rollup-freebsd-x64': [ '4.29.1' ],
16 silly audit   '@rollup/rollup-linux-arm-gnueabihf': [ '4.29.1' ],
16 silly audit   '@rollup/rollup-linux-arm-musleabihf': [ '4.29.1' ],
16 silly audit   '@rollup/rollup-linux-arm64-gnu': [ '4.29.1' ],
16 silly audit   '@rollup/rollup-linux-arm64-musl': [ '4.29.1' ],
16 silly audit   '@rollup/rollup-linux-loongarch64-gnu': [ '4.29.1' ],
16 silly audit   '@rollup/rollup-linux-powerpc64le-gnu': [ '4.29.1' ],
16 silly audit   '@rollup/rollup-linux-riscv64-gnu': [ '4.29.1' ],
16 silly audit   '@rollup/rollup-linux-s390x-gnu': [ '4.29.1' ],
16 silly audit   '@rollup/rollup-linux-x64-gnu': [ '4.29.1' ],
16 silly audit   '@rollup/rollup-linux-x64-musl': [ '4.29.1' ],
16 silly audit   '@rollup/rollup-win32-arm64-msvc': [ '4.29.1' ],
16 silly audit   '@rollup/rollup-win32-ia32-msvc': [ '4.29.1' ],
16 silly audit   '@rollup/rollup-win32-x64-msvc': [ '4.29.1' ],
16 silly audit   '@types/babel__core': [ '7.20.5' ],
16 silly audit   '@types/babel__generator': [ '7.6.8' ],
16 silly audit   '@types/babel__template': [ '7.4.4' ],
16 silly audit   '@types/babel__traverse': [ '7.20.6' ],
16 silly audit   '@types/estree': [ '1.0.6' ],
16 silly audit   '@types/json-schema': [ '7.0.15' ],
16 silly audit   '@types/prop-types': [ '15.7.14' ],
16 silly audit   '@types/react': [ '18.3.18' ],
16 silly audit   '@types/react-dom': [ '18.3.5' ],
16 silly audit   '@vitejs/plugin-react': [ '4.3.4' ],
16 silly audit   acorn: [ '8.14.0' ],
16 silly audit   'acorn-jsx': [ '5.3.2' ],
16 silly audit   ajv: [ '6.12.6' ],
16 silly audit   'ansi-styles': [ '4.3.0' ],
16 silly audit   argparse: [ '2.0.1' ],
16 silly audit   'array-buffer-byte-length': [ '1.0.2' ],
16 silly audit   'array-includes': [ '3.1.8' ],
16 silly audit   'array.prototype.findlast': [ '1.2.5' ],
16 silly audit   'array.prototype.flat': [ '1.3.3' ],
16 silly audit   'array.prototype.flatmap': [ '1.3.3' ],
16 silly audit   'array.prototype.tosorted': [ '1.1.4' ],
16 silly audit   'arraybuffer.prototype.slice': [ '1.0.4' ],
16 silly audit   'available-typed-arrays': [ '1.0.7' ],
16 silly audit   'balanced-match': [ '1.0.2' ],
16 silly audit   'brace-expansion': [ '1.1.11' ],
16 silly audit   browserslist: [ '4.24.3' ],
16 silly audit   'call-bind': [ '1.0.8' ],
16 silly audit   'call-bind-apply-helpers': [ '1.0.1' ],
16 silly audit   'call-bound': [ '1.0.3' ],
16 silly audit   callsites: [ '3.1.0' ],
16 silly audit   'caniuse-lite': [ '1.0.30001690' ],
16 silly audit   chalk: [ '4.1.2' ],
16 silly audit   'color-convert': [ '2.0.1' ],
16 silly audit   'color-name': [ '1.1.4' ],
16 silly audit   'concat-map': [ '0.0.1' ],
16 silly audit   'convert-source-map': [ '2.0.0' ],
16 silly audit   'cross-spawn': [ '7.0.6' ],
16 silly audit   csstype: [ '3.1.3' ],
16 silly audit   'data-view-buffer': [ '1.0.2' ],
16 silly audit   'data-view-byte-length': [ '1.0.2' ],
16 silly audit   'data-view-byte-offset': [ '1.0.1' ],
16 silly audit   debug: [ '4.4.0' ],
16 silly audit   'deep-is': [ '0.1.4' ],
16 silly audit   'define-data-property': [ '1.1.4' ],
16 silly audit   'define-properties': [ '1.2.1' ],
16 silly audit   doctrine: [ '2.1.0' ],
16 silly audit   'dunder-proto': [ '1.0.1' ],
16 silly audit   'electron-to-chromium': [ '1.5.76' ],
16 silly audit   'es-abstract': [ '1.23.8' ],
16 silly audit   'es-define-property': [ '1.0.1' ],
16 silly audit   'es-errors': [ '1.3.0' ],
16 silly audit   'es-iterator-helpers': [ '1.2.1' ],
16 silly audit   'es-object-atoms': [ '1.0.0' ],
16 silly audit   'es-set-tostringtag': [ '2.0.3' ],
16 silly audit   'es-shim-unscopables': [ '1.0.2' ],
16 silly audit   'es-to-primitive': [ '1.3.0' ],
16 silly audit   esbuild: [ '0.24.2' ],
16 silly audit   escalade: [ '3.2.0' ],
16 silly audit   'escape-string-regexp': [ '4.0.0' ],
16 silly audit   eslint: [ '9.17.0' ],
16 silly audit   'eslint-plugin-react': [ '7.37.3' ],
16 silly audit   'eslint-plugin-react-hooks': [ '5.1.0' ],
16 silly audit   'eslint-plugin-react-refresh': [ '0.4.16' ],
16 silly audit   'eslint-scope': [ '8.2.0' ],
16 silly audit   espree: [ '10.3.0' ],
16 silly audit   esquery: [ '1.6.0' ],
16 silly audit   esrecurse: [ '4.3.0' ],
16 silly audit   estraverse: [ '5.3.0' ],
16 silly audit   esutils: [ '2.0.3' ],
16 silly audit   'fast-deep-equal': [ '3.1.3' ],
16 silly audit   'fast-json-stable-stringify': [ '2.1.0' ],
16 silly audit   'fast-levenshtein': [ '2.0.6' ],
16 silly audit   'file-entry-cache': [ '8.0.0' ],
16 silly audit   'find-up': [ '5.0.0' ],
16 silly audit   'flat-cache': [ '4.0.1' ],
16 silly audit   flatted: [ '3.3.2' ],
16 silly audit   'for-each': [ '0.3.3' ],
16 silly audit   fsevents: [ '2.3.3' ],
16 silly audit   'function-bind': [ '1.1.2' ],
16 silly audit   'function.prototype.name': [ '1.1.8' ],
16 silly audit   'functions-have-names': [ '1.2.3' ],
16 silly audit   gensync: [ '1.0.0-beta.2' ],
16 silly audit   'get-intrinsic': [ '1.2.6' ],
16 silly audit   'get-symbol-description': [ '1.1.0' ],
16 silly audit   'glob-parent': [ '6.0.2' ],
16 silly audit   globalthis: [ '1.0.4' ],
16 silly audit   gopd: [ '1.2.0' ],
16 silly audit   'has-bigints': [ '1.1.0' ],
16 silly audit   'has-flag': [ '4.0.0' ],
16 silly audit   'has-property-descriptors': [ '1.0.2' ],
16 silly audit   'has-proto': [ '1.2.0' ],
16 silly audit   'has-symbols': [ '1.1.0' ],
16 silly audit   'has-tostringtag': [ '1.0.2' ],
16 silly audit   hasown: [ '2.0.2' ],
16 silly audit   ignore: [ '5.3.2' ],
16 silly audit   'import-fresh': [ '3.3.0' ],
16 silly audit   imurmurhash: [ '0.1.4' ],
16 silly audit   'internal-slot': [ '1.1.0' ],
16 silly audit   'is-array-buffer': [ '3.0.5' ],
16 silly audit   'is-async-function': [ '2.0.0' ],
16 silly audit   'is-bigint': [ '1.1.0' ],
16 silly audit   'is-boolean-object': [ '1.2.1' ],
16 silly audit   'is-callable': [ '1.2.7' ],
16 silly audit   'is-core-module': [ '2.16.1' ],
16 silly audit   'is-data-view': [ '1.0.2' ],
16 silly audit   'is-date-object': [ '1.1.0' ],
16 silly audit   'is-extglob': [ '2.1.1' ],
16 silly audit   'is-finalizationregistry': [ '1.1.1' ],
16 silly audit   'is-generator-function': [ '1.0.10' ],
16 silly audit   'is-glob': [ '4.0.3' ],
16 silly audit   'is-map': [ '2.0.3' ],
16 silly audit   'is-number-object': [ '1.1.1' ],
16 silly audit   'is-regex': [ '1.2.1' ],
16 silly audit   'is-set': [ '2.0.3' ],
16 silly audit   'is-shared-array-buffer': [ '1.0.4' ],
16 silly audit   'is-string': [ '1.1.1' ],
16 silly audit   'is-symbol': [ '1.1.1' ],
16 silly audit   'is-typed-array': [ '1.1.15' ],
16 silly audit   'is-weakmap': [ '2.0.2' ],
16 silly audit   'is-weakref': [ '1.1.0' ],
16 silly audit   'is-weakset': [ '2.0.4' ],
16 silly audit   isarray: [ '2.0.5' ],
16 silly audit   isexe: [ '2.0.0' ],
16 silly audit   'iterator.prototype': [ '1.1.4' ],
16 silly audit   'js-tokens': [ '4.0.0' ],
16 silly audit   'js-yaml': [ '4.1.0' ],
16 silly audit   jsesc: [ '3.1.0' ],
16 silly audit   'json-buffer': [ '3.0.1' ],
16 silly audit   'json-schema-traverse': [ '0.4.1' ],
16 silly audit   'json-stable-stringify-without-jsonify': [ '1.0.1' ],
16 silly audit   json5: [ '2.2.3' ],
16 silly audit   'jsx-ast-utils': [ '3.3.5' ],
16 silly audit   keyv: [ '4.5.4' ],
16 silly audit   levn: [ '0.4.1' ],
16 silly audit   'locate-path': [ '6.0.0' ],
16 silly audit   'lodash.merge': [ '4.6.2' ],
16 silly audit   'loose-envify': [ '1.4.0' ],
16 silly audit   'lru-cache': [ '5.1.1' ],
16 silly audit   'math-intrinsics': [ '1.1.0' ],
16 silly audit   minimatch: [ '3.1.2' ],
16 silly audit   ms: [ '2.1.3' ],
16 silly audit   nanoid: [ '3.3.8' ],
16 silly audit   'natural-compare': [ '1.4.0' ],
16 silly audit   'node-releases': [ '2.0.19' ],
16 silly audit   'object-assign': [ '4.1.1' ],
16 silly audit   'object-inspect': [ '1.13.3' ],
16 silly audit   'object-keys': [ '1.1.1' ],
16 silly audit   'object.assign': [ '4.1.7' ],
16 silly audit   'object.entries': [ '1.1.8' ],
16 silly audit   'object.fromentries': [ '2.0.8' ],
16 silly audit   'object.values': [ '1.2.1' ],
16 silly audit   optionator: [ '0.9.4' ],
16 silly audit   'own-keys': [ '1.0.1' ],
16 silly audit   'p-limit': [ '3.1.0' ],
16 silly audit   'p-locate': [ '5.0.0' ],
16 silly audit   'parent-module': [ '1.0.1' ],
16 silly audit   'path-exists': [ '4.0.0' ],
16 silly audit   'path-key': [ '3.1.1' ],
16 silly audit   'path-parse': [ '1.0.7' ],
16 silly audit   picocolors: [ '1.1.1' ],
16 silly audit   'possible-typed-array-names': [ '1.0.0' ],
16 silly audit   postcss: [ '8.4.49' ],
16 silly audit   'prelude-ls': [ '1.2.1' ],
16 silly audit   'prop-types': [ '15.8.1' ],
16 silly audit   punycode: [ '2.3.1' ],
16 silly audit   react: [ '18.3.1' ],
16 silly audit   'react-dom': [ '18.3.1' ],
16 silly audit   'react-is': [ '16.13.1' ],
16 silly audit   'react-refresh': [ '0.14.2' ],
16 silly audit   'reflect.getprototypeof': [ '1.0.9' ],
16 silly audit   'regexp.prototype.flags': [ '1.5.3' ],
16 silly audit   resolve: [ '2.0.0-next.5' ],
16 silly audit   'resolve-from': [ '4.0.0' ],
16 silly audit   rollup: [ '4.29.1' ],
16 silly audit   'safe-array-concat': [ '1.1.3' ],
16 silly audit   'safe-push-apply': [ '1.0.0' ],
16 silly audit   'safe-regex-test': [ '1.1.0' ],
16 silly audit   scheduler: [ '0.23.2' ],
16 silly audit   semver: [ '6.3.1' ],
16 silly audit   'set-function-length': [ '1.2.2' ],
16 silly audit   'set-function-name': [ '2.0.2' ],
16 silly audit   'shebang-command': [ '2.0.0' ],
16 silly audit   'shebang-regex': [ '3.0.0' ],
16 silly audit   'side-channel': [ '1.1.0' ],
16 silly audit   'side-channel-list': [ '1.0.0' ],
16 silly audit   'side-channel-map': [ '1.0.1' ],
16 silly audit   'side-channel-weakmap': [ '1.0.2' ],
16 silly audit   'source-map-js': [ '1.2.1' ],
16 silly audit   'string.prototype.matchall': [ '4.0.12' ],
16 silly audit   'string.prototype.repeat': [ '1.0.0' ],
16 silly audit   'string.prototype.trim': [ '1.2.10' ],
16 silly audit   'string.prototype.trimend': [ '1.0.9' ],
16 silly audit   'string.prototype.trimstart': [ '1.0.8' ],
16 silly audit   'strip-json-comments': [ '3.1.1' ],
16 silly audit   'supports-color': [ '7.2.0' ],
16 silly audit   'supports-preserve-symlinks-flag': [ '1.0.0' ],
16 silly audit   'type-check': [ '0.4.0' ],
16 silly audit   'typed-array-buffer': [ '1.0.3' ],
16 silly audit   'typed-array-byte-length': [ '1.0.3' ],
16 silly audit   'typed-array-byte-offset': [ '1.0.4' ],
16 silly audit   'typed-array-length': [ '1.0.7' ],
16 silly audit   'unbox-primitive': [ '1.1.0' ],
16 silly audit   'update-browserslist-db': [ '1.1.1' ],
16 silly audit   'uri-js': [ '4.4.1' ],
16 silly audit   vite: [ '6.0.6' ],
16 silly audit   which: [ '2.0.2' ],
16 silly audit   'which-boxed-primitive': [ '1.1.1' ],
16 silly audit   'which-builtin-type': [ '1.2.1' ],
16 silly audit   'which-collection': [ '1.0.2' ],
16 silly audit   'which-typed-array': [ '1.1.18' ],
16 silly audit   'word-wrap': [ '1.2.5' ],
16 silly audit   yallist: [ '3.1.1' ],
16 silly audit   'yocto-queue': [ '0.1.0' ]
16 silly audit }
17 verbose reify failed optional dependency /Users/sashankdanda/Desktop/SEM-4/FSD/Practical-1/1A/node_modules/@rollup/rollup-win32-x64-msvc
18 silly reify mark deleted [
18 silly reify   '/Users/sashankdanda/Desktop/SEM-4/FSD/Practical-1/1A/node_modules/@rollup/rollup-win32-x64-msvc'
18 silly reify ]
19 verbose reify failed optional dependency /Users/sashankdanda/Desktop/SEM-4/FSD/Practical-1/1A/node_modules/@rollup/rollup-win32-ia32-msvc
20 silly reify mark deleted [
20 silly reify   '/Users/sashankdanda/Desktop/SEM-4/FSD/Practical-1/1A/node_modules/@rollup/rollup-win32-ia32-msvc'
20 silly reify ]
21 verbose reify failed optional dependency /Users/sashankdanda/Desktop/SEM-4/FSD/Practical-1/1A/node_modules/@rollup/rollup-win32-arm64-msvc
22 silly reify mark deleted [
22 silly reify   '/Users/sashankdanda/Desktop/SEM-4/FSD/Practical-1/1A/node_modules/@rollup/rollup-win32-arm64-msvc'
22 silly reify ]
23 verbose reify failed optional dependency /Users/sashankdanda/Desktop/SEM-4/FSD/Practical-1/1A/node_modules/@rollup/rollup-linux-x64-musl
24 silly reify mark deleted [
24 silly reify   '/Users/sashankdanda/Desktop/SEM-4/FSD/Practical-1/1A/node_modules/@rollup/rollup-linux-x64-musl'
24 silly reify ]
25 verbose reify failed optional dependency /Users/sashankdanda/Desktop/SEM-4/FSD/Practical-1/1A/node_modules/@rollup/rollup-linux-x64-gnu
26 silly reify mark deleted [
26 silly reify   '/Users/sashankdanda/Desktop/SEM-4/FSD/Practical-1/1A/node_modules/@rollup/rollup-linux-x64-gnu'
26 silly reify ]
27 verbose reify failed optional dependency /Users/sashankdanda/Desktop/SEM-4/FSD/Practical-1/1A/node_modules/@rollup/rollup-linux-s390x-gnu
28 silly reify mark deleted [
28 silly reify   '/Users/sashankdanda/Desktop/SEM-4/FSD/Practical-1/1A/node_modules/@rollup/rollup-linux-s390x-gnu'
28 silly reify ]
29 verbose reify failed optional dependency /Users/sashankdanda/Desktop/SEM-4/FSD/Practical-1/1A/node_modules/@rollup/rollup-linux-riscv64-gnu
30 silly reify mark deleted [
30 silly reify   '/Users/sashankdanda/Desktop/SEM-4/FSD/Practical-1/1A/node_modules/@rollup/rollup-linux-riscv64-gnu'
30 silly reify ]
31 verbose reify failed optional dependency /Users/sashankdanda/Desktop/SEM-4/FSD/Practical-1/1A/node_modules/@rollup/rollup-linux-powerpc64le-gnu
32 silly reify mark deleted [
32 silly reify   '/Users/sashankdanda/Desktop/SEM-4/FSD/Practical-1/1A/node_modules/@rollup/rollup-linux-powerpc64le-gnu'
32 silly reify ]
33 verbose reify failed optional dependency /Users/sashankdanda/Desktop/SEM-4/FSD/Practical-1/1A/node_modules/@rollup/rollup-linux-loongarch64-gnu
34 silly reify mark deleted [
34 silly reify   '/Users/sashankdanda/Desktop/SEM-4/FSD/Practical-1/1A/node_modules/@rollup/rollup-linux-loongarch64-gnu'
34 silly reify ]
35 verbose reify failed optional dependency /Users/sashankdanda/Desktop/SEM-4/FSD/Practical-1/1A/node_modules/@rollup/rollup-linux-arm64-musl
36 silly reify mark deleted [
36 silly reify   '/Users/sashankdanda/Desktop/SEM-4/FSD/Practical-1/1A/node_modules/@rollup/rollup-linux-arm64-musl'
36 silly reify ]
37 verbose reify failed optional dependency /Users/sashankdanda/Desktop/SEM-4/FSD/Practical-1/1A/node_modules/@rollup/rollup-linux-arm64-gnu
38 silly reify mark deleted [
38 silly reify   '/Users/sashankdanda/Desktop/SEM-4/FSD/Practical-1/1A/node_modules/@rollup/rollup-linux-arm64-gnu'
38 silly reify ]
39 verbose reify failed optional dependency /Users/sashankdanda/Desktop/SEM-4/FSD/Practical-1/1A/node_modules/@rollup/rollup-linux-arm-musleabihf
40 silly reify mark deleted [
40 silly reify   '/Users/sashankdanda/Desktop/SEM-4/FSD/Practical-1/1A/node_modules/@rollup/rollup-linux-arm-musleabihf'
40 silly reify ]
41 verbose reify failed optional dependency /Users/sashankdanda/Desktop/SEM-4/FSD/Practical-1/1A/node_modules/@rollup/rollup-linux-arm-gnueabihf
42 silly reify mark deleted [
42 silly reify   '/Users/sashankdanda/Desktop/SEM-4/FSD/Practical-1/1A/node_modules/@rollup/rollup-linux-arm-gnueabihf'
42 silly reify ]
43 verbose reify failed optional dependency /Users/sashankdanda/Desktop/SEM-4/FSD/Practical-1/1A/node_modules/@rollup/rollup-freebsd-x64
44 silly reify mark deleted [
44 silly reify   '/Users/sashankdanda/Desktop/SEM-4/FSD/Practical-1/1A/node_modules/@rollup/rollup-freebsd-x64'
44 silly reify ]
45 verbose reify failed optional dependency /Users/sashankdanda/Desktop/SEM-4/FSD/Practical-1/1A/node_modules/@rollup/rollup-freebsd-arm64
46 silly reify mark deleted [
46 silly reify   '/Users/sashankdanda/Desktop/SEM-4/FSD/Practical-1/1A/node_modules/@rollup/rollup-freebsd-arm64'
46 silly reify ]
47 verbose reify failed optional dependency /Users/sashankdanda/Desktop/SEM-4/FSD/Practical-1/1A/node_modules/@rollup/rollup-darwin-x64
48 silly reify mark deleted [
48 silly reify   '/Users/sashankdanda/Desktop/SEM-4/FSD/Practical-1/1A/node_modules/@rollup/rollup-darwin-x64'
48 silly reify ]
49 verbose reify failed optional dependency /Users/sashankdanda/Desktop/SEM-4/FSD/Practical-1/1A/node_modules/@rollup/rollup-android-arm64
50 silly reify mark deleted [
50 silly reify   '/Users/sashankdanda/Desktop/SEM-4/FSD/Practical-1/1A/node_modules/@rollup/rollup-android-arm64'
50 silly reify ]
51 verbose reify failed optional dependency /Users/sashankdanda/Desktop/SEM-4/FSD/Practical-1/1A/node_modules/@rollup/rollup-android-arm-eabi
52 silly reify mark deleted [
52 silly reify   '/Users/sashankdanda/Desktop/SEM-4/FSD/Practical-1/1A/node_modules/@rollup/rollup-android-arm-eabi'
52 silly reify ]
53 verbose reify failed optional dependency /Users/sashankdanda/Desktop/SEM-4/FSD/Practical-1/1A/node_modules/@esbuild/win32-x64
54 silly reify mark deleted [
54 silly reify   '/Users/sashankdanda/Desktop/SEM-4/FSD/Practical-1/1A/node_modules/@esbuild/win32-x64'
54 silly reify ]
55 verbose reify failed optional dependency /Users/sashankdanda/Desktop/SEM-4/FSD/Practical-1/1A/node_modules/@esbuild/win32-ia32
56 silly reify mark deleted [
56 silly reify   '/Users/sashankdanda/Desktop/SEM-4/FSD/Practical-1/1A/node_modules/@esbuild/win32-ia32'
56 silly reify ]
57 verbose reify failed optional dependency /Users/sashankdanda/Desktop/SEM-4/FSD/Practical-1/1A/node_modules/@esbuild/win32-arm64
58 silly reify mark deleted [
58 silly reify   '/Users/sashankdanda/Desktop/SEM-4/FSD/Practical-1/1A/node_modules/@esbuild/win32-arm64'
58 silly reify ]
59 verbose reify failed optional dependency /Users/sashankdanda/Desktop/SEM-4/FSD/Practical-1/1A/node_modules/@esbuild/sunos-x64
60 silly reify mark deleted [
60 silly reify   '/Users/sashankdanda/Desktop/SEM-4/FSD/Practical-1/1A/node_modules/@esbuild/sunos-x64'
60 silly reify ]
61 verbose reify failed optional dependency /Users/sashankdanda/Desktop/SEM-4/FSD/Practical-1/1A/node_modules/@esbuild/openbsd-x64
62 silly reify mark deleted [
62 silly reify   '/Users/sashankdanda/Desktop/SEM-4/FSD/Practical-1/1A/node_modules/@esbuild/openbsd-x64'
62 silly reify ]
63 verbose reify failed optional dependency /Users/sashankdanda/Desktop/SEM-4/FSD/Practical-1/1A/node_modules/@esbuild/openbsd-arm64
64 silly reify mark deleted [
64 silly reify   '/Users/sashankdanda/Desktop/SEM-4/FSD/Practical-1/1A/node_modules/@esbuild/openbsd-arm64'
64 silly reify ]
65 verbose reify failed optional dependency /Users/sashankdanda/Desktop/SEM-4/FSD/Practical-1/1A/node_modules/@esbuild/netbsd-x64
66 silly reify mark deleted [
66 silly reify   '/Users/sashankdanda/Desktop/SEM-4/FSD/Practical-1/1A/node_modules/@esbuild/netbsd-x64'
66 silly reify ]
67 verbose reify failed optional dependency /Users/sashankdanda/Desktop/SEM-4/FSD/Practical-1/1A/node_modules/@esbuild/netbsd-arm64
68 silly reify mark deleted [
68 silly reify   '/Users/sashankdanda/Desktop/SEM-4/FSD/Practical-1/1A/node_modules/@esbuild/netbsd-arm64'
68 silly reify ]
69 verbose reify failed optional dependency /Users/sashankdanda/Desktop/SEM-4/FSD/Practical-1/1A/node_modules/@esbuild/linux-x64
70 silly reify mark deleted [
70 silly reify   '/Users/sashankdanda/Desktop/SEM-4/FSD/Practical-1/1A/node_modules/@esbuild/linux-x64'
70 silly reify ]
71 verbose reify failed optional dependency /Users/sashankdanda/Desktop/SEM-4/FSD/Practical-1/1A/node_modules/@esbuild/linux-s390x
72 silly reify mark deleted [
72 silly reify   '/Users/sashankdanda/Desktop/SEM-4/FSD/Practical-1/1A/node_modules/@esbuild/linux-s390x'
72 silly reify ]
73 verbose reify failed optional dependency /Users/sashankdanda/Desktop/SEM-4/FSD/Practical-1/1A/node_modules/@esbuild/linux-riscv64
74 silly reify mark deleted [
74 silly reify   '/Users/sashankdanda/Desktop/SEM-4/FSD/Practical-1/1A/node_modules/@esbuild/linux-riscv64'
74 silly reify ]
75 verbose reify failed optional dependency /Users/sashankdanda/Desktop/SEM-4/FSD/Practical-1/1A/node_modules/@esbuild/linux-ppc64
76 silly reify mark deleted [
76 silly reify   '/Users/sashankdanda/Desktop/SEM-4/FSD/Practical-1/1A/node_modules/@esbuild/linux-ppc64'
76 silly reify ]
77 verbose reify failed optional dependency /Users/sashankdanda/Desktop/SEM-4/FSD/Practical-1/1A/node_modules/@esbuild/linux-mips64el
78 silly reify mark deleted [
78 silly reify   '/Users/sashankdanda/Desktop/SEM-4/FSD/Practical-1/1A/node_modules/@esbuild/linux-mips64el'
78 silly reify ]
79 verbose reify failed optional dependency /Users/sashankdanda/Desktop/SEM-4/FSD/Practical-1/1A/node_modules/@esbuild/linux-loong64
80 silly reify mark deleted [
80 silly reify   '/Users/sashankdanda/Desktop/SEM-4/FSD/Practical-1/1A/node_modules/@esbuild/linux-loong64'
80 silly reify ]
81 verbose reify failed optional dependency /Users/sashankdanda/Desktop/SEM-4/FSD/Practical-1/1A/node_modules/@esbuild/linux-ia32
82 silly reify mark deleted [
82 silly reify   '/Users/sashankdanda/Desktop/SEM-4/FSD/Practical-1/1A/node_modules/@esbuild/linux-ia32'
82 silly reify ]
83 verbose reify failed optional dependency /Users/sashankdanda/Desktop/SEM-4/FSD/Practical-1/1A/node_modules/@esbuild/linux-arm64
84 silly reify mark deleted [
84 silly reify   '/Users/sashankdanda/Desktop/SEM-4/FSD/Practical-1/1A/node_modules/@esbuild/linux-arm64'
84 silly reify ]
85 verbose reify failed optional dependency /Users/sashankdanda/Desktop/SEM-4/FSD/Practical-1/1A/node_modules/@esbuild/linux-arm
86 silly reify mark deleted [
86 silly reify   '/Users/sashankdanda/Desktop/SEM-4/FSD/Practical-1/1A/node_modules/@esbuild/linux-arm'
86 silly reify ]
87 verbose reify failed optional dependency /Users/sashankdanda/Desktop/SEM-4/FSD/Practical-1/1A/node_modules/@esbuild/freebsd-x64
88 silly reify mark deleted [
88 silly reify   '/Users/sashankdanda/Desktop/SEM-4/FSD/Practical-1/1A/node_modules/@esbuild/freebsd-x64'
88 silly reify ]
89 verbose reify failed optional dependency /Users/sashankdanda/Desktop/SEM-4/FSD/Practical-1/1A/node_modules/@esbuild/freebsd-arm64
90 silly reify mark deleted [
90 silly reify   '/Users/sashankdanda/Desktop/SEM-4/FSD/Practical-1/1A/node_modules/@esbuild/freebsd-arm64'
90 silly reify ]
91 verbose reify failed optional dependency /Users/sashankdanda/Desktop/SEM-4/FSD/Practical-1/1A/node_modules/@esbuild/darwin-x64
92 silly reify mark deleted [
92 silly reify   '/Users/sashankdanda/Desktop/SEM-4/FSD/Practical-1/1A/node_modules/@esbuild/darwin-x64'
92 silly reify ]
93 verbose reify failed optional dependency /Users/sashankdanda/Desktop/SEM-4/FSD/Practical-1/1A/node_modules/@esbuild/android-x64
94 silly reify mark deleted [
94 silly reify   '/Users/sashankdanda/Desktop/SEM-4/FSD/Practical-1/1A/node_modules/@esbuild/android-x64'
94 silly reify ]
95 verbose reify failed optional dependency /Users/sashankdanda/Desktop/SEM-4/FSD/Practical-1/1A/node_modules/@esbuild/android-arm64
96 silly reify mark deleted [
96 silly reify   '/Users/sashankdanda/Desktop/SEM-4/FSD/Practical-1/1A/node_modules/@esbuild/android-arm64'
96 silly reify ]
97 verbose reify failed optional dependency /Users/sashankdanda/Desktop/SEM-4/FSD/Practical-1/1A/node_modules/@esbuild/android-arm
98 silly reify mark deleted [
98 silly reify   '/Users/sashankdanda/Desktop/SEM-4/FSD/Practical-1/1A/node_modules/@esbuild/android-arm'
98 silly reify ]
99 verbose reify failed optional dependency /Users/sashankdanda/Desktop/SEM-4/FSD/Practical-1/1A/node_modules/@esbuild/aix-ppc64
100 silly reify mark deleted [
100 silly reify   '/Users/sashankdanda/Desktop/SEM-4/FSD/Practical-1/1A/node_modules/@esbuild/aix-ppc64'
100 silly reify ]
101 http fetch POST 200 https://registry.npmjs.org/-/npm/v1/security/advisories/bulk 512ms
102 silly audit report {
102 silly audit report   '@babel/helpers': [
102 silly audit report     {
102 silly audit report       id: 1104001,
102 silly audit report       url: 'https://github.com/advisories/GHSA-968p-4wvh-cqc8',
102 silly audit report       title: 'Babel has inefficient RegExp complexity in generated code with .replace when transpiling named capturing groups',
102 silly audit report       severity: 'moderate',
102 silly audit report       vulnerable_versions: '<7.26.10',
102 silly audit report       cwe: [Array],
102 silly audit report       cvss: [Object]
102 silly audit report     }
102 silly audit report   ],
102 silly audit report   esbuild: [
102 silly audit report     {
102 silly audit report       id: 1102341,
102 silly audit report       url: 'https://github.com/advisories/GHSA-67mh-4wv8-2f99',
102 silly audit report       title: 'esbuild enables any website to send any requests to the development server and read the response',
102 silly audit report       severity: 'moderate',
102 silly audit report       vulnerable_versions: '<=0.24.2',
102 silly audit report       cwe: [Array],
102 silly audit report       cvss: [Object]
102 silly audit report     }
102 silly audit report   ],
102 silly audit report   vite: [
102 silly audit report     {
102 silly audit report       id: 1102438,
102 silly audit report       url: 'https://github.com/advisories/GHSA-vg6x-rcgg-rjx6',
102 silly audit report       title: 'Websites were able to send any requests to the development server and read the response in vite',
102 silly audit report       severity: 'moderate',
102 silly audit report       vulnerable_versions: '>=6.0.0 <=6.0.8',
102 silly audit report       cwe: [Array],
102 silly audit report       cvss: [Object]
102 silly audit report     },
102 silly audit report     {
102 silly audit report       id: 1103518,
102 silly audit report       url: 'https://github.com/advisories/GHSA-x574-m823-4x7w',
102 silly audit report       title: 'Vite bypasses server.fs.deny when using ?raw??',
102 silly audit report       severity: 'moderate',
102 silly audit report       vulnerable_versions: '>=6.0.0 <6.0.12',
102 silly audit report       cwe: [Array],
102 silly audit report       cvss: [Object]
102 silly audit report     },
102 silly audit report     {
102 silly audit report       id: 1103629,
102 silly audit report       url: 'https://github.com/advisories/GHSA-4r4m-qw57-chr8',
102 silly audit report       title: 'Vite has a `server.fs.deny` bypassed for `inline` and `raw` with `?import` query',
102 silly audit report       severity: 'moderate',
102 silly audit report       vulnerable_versions: '>=6.0.0 <6.0.13',
102 silly audit report       cwe: [Array],
102 silly audit report       cvss: [Object]
102 silly audit report     },
102 silly audit report     {
102 silly audit report       id: 1103885,
102 silly audit report       url: 'https://github.com/advisories/GHSA-356w-63v5-8wf4',
102 silly audit report       title: 'Vite has an `server.fs.deny` bypass with an invalid `request-target`',
102 silly audit report       severity: 'moderate',
102 silly audit report       vulnerable_versions: '>=6.0.0 <6.0.15',
102 silly audit report       cwe: [Array],
102 silly audit report       cvss: [Object]
102 silly audit report     },
102 silly audit report     {
102 silly audit report       id: 1104174,
102 silly audit report       url: 'https://github.com/advisories/GHSA-859w-5945-r5v3',
102 silly audit report       title: "Vite's server.fs.deny bypassed with /. for files under project root",
102 silly audit report       severity: 'moderate',
102 silly audit report       vulnerable_versions: '>=6.0.0 <=6.1.5',
102 silly audit report       cwe: [Array],
102 silly audit report       cvss: [Object]
102 silly audit report     },
102 silly audit report     {
102 silly audit report       id: 1104203,
102 silly audit report       url: 'https://github.com/advisories/GHSA-xcj6-pq6g-qj4x',
102 silly audit report       title: 'Vite allows server.fs.deny to be bypassed with .svg or relative paths',
102 silly audit report       severity: 'moderate',
102 silly audit report       vulnerable_versions: '>=6.0.0 <6.0.14',
102 silly audit report       cwe: [Array],
102 silly audit report       cvss: [Object]
102 silly audit report     }
102 silly audit report   ]
102 silly audit report }
103 silly packumentCache corgi:https://registry.npmjs.org/@babel%2fhelpers cache-miss
104 silly packumentCache corgi:https://registry.npmjs.org/esbuild cache-miss
105 silly packumentCache corgi:https://registry.npmjs.org/vite cache-miss
106 http fetch GET 200 https://registry.npmjs.org/@babel%2fhelpers 89ms (cache updated)
107 silly packumentCache corgi:https://registry.npmjs.org/@babel%2fhelpers set size:undefined disposed:false
108 http fetch GET 200 https://registry.npmjs.org/esbuild 192ms (cache updated)
109 silly packumentCache corgi:https://registry.npmjs.org/esbuild set size:undefined disposed:false
110 http fetch GET 200 https://registry.npmjs.org/vite 203ms (cache updated)
111 silly packumentCache corgi:https://registry.npmjs.org/vite set size:undefined disposed:false
112 silly packumentCache corgi:https://registry.npmjs.org/@babel%2fcore cache-miss
113 http fetch GET 200 https://registry.npmjs.org/@babel%2fcore 89ms (cache updated)
114 silly packumentCache corgi:https://registry.npmjs.org/@babel%2fcore set size:undefined disposed:false
115 silly packumentCache corgi:https://registry.npmjs.org/@vitejs%2fplugin-react cache-miss
116 http fetch GET 200 https://registry.npmjs.org/@vitejs%2fplugin-react 56ms (cache updated)
117 silly packumentCache corgi:https://registry.npmjs.org/@vitejs%2fplugin-react set size:undefined disposed:false
118 silly ADD
119 silly ADD
120 silly ADD
121 silly ADD
122 silly ADD
123 silly ADD
124 silly ADD
125 silly ADD
126 silly ADD
127 silly ADD
128 silly ADD
129 silly ADD
130 silly ADD
131 silly ADD
132 silly ADD
133 silly ADD
134 silly ADD
135 silly ADD
136 silly ADD
137 silly ADD
138 silly ADD
139 silly ADD
140 silly ADD
141 silly ADD
142 silly ADD
143 silly ADD
144 silly ADD
145 silly ADD
146 silly ADD
147 silly ADD
148 silly ADD
149 silly ADD
150 silly ADD
151 silly ADD
152 silly ADD
153 silly ADD
154 silly ADD
155 silly ADD
156 silly ADD
157 silly ADD
158 silly ADD
159 silly ADD
160 verbose cwd /Users/sashankdanda/Desktop/SEM-4/FSD/Practical-1/1A
161 verbose os Darwin 24.4.0
162 verbose node v22.12.0
163 verbose npm  v10.9.0
164 verbose exit 0
165 info ok
