0 verbose cli /opt/homebrew/Cellar/node@22/22.12.0/bin/node /opt/homebrew/opt/node@22/bin/npm
1 info using npm@10.9.0
2 info using node@v22.12.0
3 silly config load:file:/opt/homebrew/Cellar/node@22/22.12.0/lib/node_modules/npm/npmrc
4 silly config load:file:/Users/sashankdanda/Library/Caches/typescript/5.4/.npmrc
5 silly config load:file:/Users/sashankdanda/.npmrc
6 silly config load:file:/opt/homebrew/etc/npmrc
7 verbose title npm install @types/react@ts5.4
8 verbose argv "install" "--ignore-scripts" "@types/react@ts5.4" "--save-dev" "--user-agent" "typesInstaller/5.4.5"
9 verbose logfile logs-max:10 dir:/Users/sashankdanda/.npm/_logs/2025-05-10T07_53_51_585Z-
10 verbose logfile /Users/sashankdanda/.npm/_logs/2025-05-10T07_53_51_585Z-debug-0.log
11 silly logfile start cleaning logs, removing 1 files
12 silly packumentCache heap:2197815296 maxSize:549453824 maxEntrySize:274726912
13 silly logfile done cleaning log files
14 silly packumentCache corgi:https://registry.npmjs.org/@types%2freact cache-miss
15 http fetch GET 200 https://registry.npmjs.org/@types%2freact 443ms (cache updated)
16 silly packumentCache corgi:https://registry.npmjs.org/@types%2freact set size:undefined disposed:false
17 silly idealTree buildDeps
18 silly fetch manifest @types/react@19.1.3
19 silly packumentCache full:https://registry.npmjs.org/@types%2freact cache-miss
20 http fetch GET 200 https://registry.npmjs.org/@types%2freact 166ms (cache updated)
21 silly packumentCache full:https://registry.npmjs.org/@types%2freact set size:undefined disposed:false
22 silly placeDep ROOT @types/react@19.1.3 REPLACE for:  want: 19.1.3
23 silly reify mark retired [
23 silly reify   '/Users/sashankdanda/Library/Caches/typescript/5.4/node_modules/@types/react'
23 silly reify ]
24 silly reify moves {
24 silly reify   '/Users/sashankdanda/Library/Caches/typescript/5.4/node_modules/@types/react': '/Users/sashankdanda/Library/Caches/typescript/5.4/node_modules/@types/.react-3TstRyYo'
24 silly reify }
25 silly audit bulk request {
25 silly audit   '@types/react-dom': [ '19.0.4' ],
25 silly audit   csstype: [ '3.1.3' ],
25 silly audit   'types-registry': [ '0.1.719' ],
25 silly audit   '@types/react': [ '19.1.3' ]
25 silly audit }
26 silly tarball no local data for @types/react@https://registry.npmjs.org/@types/react/-/react-19.1.3.tgz. Extracting by manifest.
27 http fetch POST 200 https://registry.npmjs.org/-/npm/v1/security/advisories/bulk 391ms
28 silly audit report {}
29 http fetch GET 200 https://registry.npmjs.org/@types/react/-/react-19.1.3.tgz 556ms (cache miss)
30 silly CHANGE node_modules/@types/react
31 verbose cwd /Users/sashankdanda/Library/Caches/typescript/5.4
32 verbose os Darwin 24.4.0
33 verbose node v22.12.0
34 verbose npm  v10.9.0
35 verbose exit 0
36 info ok
