0 verbose cli /opt/homebrew/Cellar/node@22/22.12.0/bin/node /opt/homebrew/opt/node@22/bin/npm
1 info using npm@10.9.0
2 info using node@v22.12.0
3 silly config load:file:/opt/homebrew/Cellar/node@22/22.12.0/lib/node_modules/npm/npmrc
4 silly config load:file:/Users/sashankdanda/Library/Caches/typescript/5.4/.npmrc
5 silly config load:file:/Users/sashankdanda/.npmrc
6 silly config load:file:/opt/homebrew/etc/npmrc
7 verbose title npm install types-registry@latest
8 verbose argv "install" "--ignore-scripts" "types-registry@latest"
9 verbose logfile logs-max:10 dir:/Users/sashankdanda/.npm/_logs/2025-06-04T04_31_09_340Z-
10 verbose logfile /Users/sashankdanda/.npm/_logs/2025-06-04T04_31_09_340Z-debug-0.log
11 silly logfile start cleaning logs, removing 1 files
12 silly packumentCache heap:2197815296 maxSize:549453824 maxEntrySize:274726912
13 silly logfile done cleaning log files
14 silly packumentCache corgi:https://registry.npmjs.org/types-registry cache-miss
15 http fetch GET 200 https://registry.npmjs.org/types-registry 347ms (cache updated)
16 silly packumentCache corgi:https://registry.npmjs.org/types-registry set size:undefined disposed:false
17 silly idealTree buildDeps
18 silly fetch manifest types-registry@0.1.723
19 silly packumentCache full:https://registry.npmjs.org/types-registry cache-miss
20 http fetch GET 200 https://registry.npmjs.org/npm 377ms
21 http fetch GET 200 https://registry.npmjs.org/types-registry 120ms (cache updated)
22 silly packumentCache full:https://registry.npmjs.org/types-registry set size:undefined disposed:false
23 silly placeDep ROOT types-registry@0.1.723 REPLACE for:  want: 0.1.723
24 silly reify mark retired [
24 silly reify   '/Users/sashankdanda/Library/Caches/typescript/5.4/node_modules/types-registry'
24 silly reify ]
25 silly reify moves {
25 silly reify   '/Users/sashankdanda/Library/Caches/typescript/5.4/node_modules/types-registry': '/Users/sashankdanda/Library/Caches/typescript/5.4/node_modules/.types-registry-KXyA7ECL'
25 silly reify }
26 silly audit bulk request {
26 silly audit   '@types/react': [ '19.1.3' ],
26 silly audit   '@types/react-dom': [ '19.0.4' ],
26 silly audit   csstype: [ '3.1.3' ],
26 silly audit   'types-registry': [ '0.1.723' ]
26 silly audit }
27 silly tarball no local data for types-registry@https://registry.npmjs.org/types-registry/-/types-registry-0.1.723.tgz. Extracting by manifest.
28 http fetch GET 200 https://registry.npmjs.org/types-registry/-/types-registry-0.1.723.tgz 143ms (cache miss)
29 http fetch POST 200 https://registry.npmjs.org/-/npm/v1/security/advisories/bulk 348ms
30 silly audit report {}
31 silly CHANGE node_modules/types-registry
32 verbose cwd /Users/sashankdanda/Library/Caches/typescript/5.4
33 verbose os Darwin 24.4.0
34 verbose node v22.12.0
35 verbose npm  v10.9.0
36 notice
36 notice New major version of npm available! 10.9.0 -> 11.4.1
36 notice Changelog: https://github.com/npm/cli/releases/tag/v11.4.1
36 notice To update run: npm install -g npm@11.4.1
36 notice  { force: true, [Symbol(proc-log.meta)]: true }
37 verbose exit 0
38 info ok
